2025-03-15 23:21:39,844 - INFO - Environment variables loaded.
2025-03-15 23:21:39,845 - INFO - Environment variables loaded.
2025-03-15 23:21:39,845 - INFO - Loading plugins...
2025-03-15 23:21:39,845 - INFO - Plugin 'add_plugin' registered successfully.
2025-03-15 23:21:39,846 - INFO - Plugin 'clear_plugin' registered successfully.
2025-03-15 23:21:39,846 - INFO - Plugin 'divide_plugin' registered successfully.
2025-03-15 23:21:39,846 - INFO - Plugin 'history_plugin' registered successfully.
2025-03-15 23:21:39,847 - INFO - Plugin 'menu_plugin' registered successfully.
2025-03-15 23:21:39,847 - INFO - Plugin 'multiply_plugin' registered successfully.
2025-03-15 23:21:39,847 - INFO - Plugin 'subtract_plugin' registered successfully.
2025-03-15 23:21:45,184 - INFO - Executed add with inputs 25.0 and 50.0: Result 75.0
2025-03-15 23:22:00,415 - INFO - Executed divide with inputs 20.0 and 10.0: Result 2.0
2025-03-15 23:22:07,153 - INFO - Executed subtract with inputs 55.0 and 22.0: Result 33.0
2025-03-15 23:22:27,199 - INFO - Executed multiply with inputs 50.0 and 3.0: Result 150.0
2025-03-15 23:22:34,794 - ERROR - Unknown command entered: this will not work
2025-03-15 23:22:54,520 - INFO - Executed divide with inputs 5.0 and 1.0: Result 5.0
2025-03-15 23:23:19,953 - INFO - Executed add with inputs 55.0 and 2.0: Result 57.0
2025-03-15 23:23:35,833 - INFO - Executed divide with inputs 10.0 and 2.0: Result 5.0
2025-03-15 23:23:56,887 - INFO - Application exiting.
2025-03-15 23:23:56,887 - INFO - Shutting Down
